<?xml version="1.0" encoding="UTF-8"?>
<testsuite name="SequenceTest" tests="6" skipped="0" failures="0" errors="0" timestamp="2017-05-31T17:05:14" hostname="DESKTOP-THTSOR5" time="0.02">
  <properties/>
  <testcase name="testLazy0" classname="SequenceTest" time="0.0"/>
  <testcase name="testLazy1" classname="SequenceTest" time="0.0"/>
  <testcase name="testLazy2" classname="SequenceTest" time="0.0"/>
  <testcase name="testTriangle0" classname="SequenceTest" time="0.0"/>
  <testcase name="testTriangle1" classname="SequenceTest" time="0.0"/>
  <testcase name="testTriangle2" classname="SequenceTest" time="0.004"/>
  <system-out><![CDATA[]]></system-out>
  <system-err><![CDATA[]]></system-err>
</testsuite>
